<?xml version="1.0" encoding="UTF-8"?>
<robot generator="Robot 3.2.1 (Python 3.8.5 on win32)" generated="20200826 21:40:59.416" rpa="false">
<suite id="s1" name="Demo Facebook" source="C:\Workspeces\RobotDemo\test_suit\Facebook\demo_facebook.robot">
<kw name="Open Browser" library="SeleniumLibrary" type="setup">
<doc>Opens a new browser instance to the optional ``url``.</doc>
<arguments>
<arg>about:blank</arg>
<arg>chrome</arg>
</arguments>
<msg timestamp="20200826 21:40:59.586" level="INFO">Opening browser 'chrome' to base url 'about:blank'.</msg>
<status status="PASS" starttime="20200826 21:40:59.586" endtime="20200826 21:41:02.576"></status>
</kw>
<test id="s1-t1" name="Login facebook - Fail">
<kw name="Go To" library="SeleniumLibrary">
<doc>Navigates the current browser window to the provided ``url``.</doc>
<arguments>
<arg>${url_facebook}</arg>
</arguments>
<msg timestamp="20200826 21:41:02.577" level="INFO">Opening url 'https://www.facebook.com'</msg>
<status status="PASS" starttime="20200826 21:41:02.577" endtime="20200826 21:41:05.862"></status>
</kw>
<kw name="Verify facebook page">
<arguments>
<arg>${title_facebook}</arg>
</arguments>
<kw name="Title Should Be" library="SeleniumLibrary">
<doc>Verifies that the current page title equals ``title``.</doc>
<arguments>
<arg>${title}</arg>
</arguments>
<msg timestamp="20200826 21:41:05.866" level="INFO">Page title is 'Facebook - เข้าสู่ระบบหรือสมัครใช้งาน'.</msg>
<status status="PASS" starttime="20200826 21:41:05.863" endtime="20200826 21:41:05.866"></status>
</kw>
<status status="PASS" starttime="20200826 21:41:05.863" endtime="20200826 21:41:05.866"></status>
</kw>
<kw name="Input Username and Password">
<arguments>
<arg>${input_user}</arg>
<arg>${input_pass}</arg>
<arg>${username_fail}</arg>
<arg>${password_fail}</arg>
</arguments>
<kw name="Element Should Be Visible" library="SeleniumLibrary">
<doc>Verifies that the element identified by ``locator`` is visible.</doc>
<arguments>
<arg>${xpath_user}</arg>
</arguments>
<msg timestamp="20200826 21:41:05.883" level="INFO">Element 'id:email' is displayed.</msg>
<status status="PASS" starttime="20200826 21:41:05.867" endtime="20200826 21:41:05.883"></status>
</kw>
<kw name="Element Should Be Visible" library="SeleniumLibrary">
<doc>Verifies that the element identified by ``locator`` is visible.</doc>
<arguments>
<arg>${xpath_pass}</arg>
</arguments>
<msg timestamp="20200826 21:41:05.898" level="INFO">Element 'id:pass' is displayed.</msg>
<status status="PASS" starttime="20200826 21:41:05.883" endtime="20200826 21:41:05.898"></status>
</kw>
<kw name="Input Text" library="SeleniumLibrary">
<doc>Types the given ``text`` into the text field identified by ``locator``.</doc>
<arguments>
<arg>${xpath_user}</arg>
<arg>${username}</arg>
</arguments>
<msg timestamp="20200826 21:41:05.898" level="INFO">Typing text 'xxxxx@xxxxx.com' into text field 'id:email'.</msg>
<status status="PASS" starttime="20200826 21:41:05.898" endtime="20200826 21:41:05.956"></status>
</kw>
<kw name="Input Text" library="SeleniumLibrary">
<doc>Types the given ``text`` into the text field identified by ``locator``.</doc>
<arguments>
<arg>${xpath_pass}</arg>
<arg>${password}</arg>
</arguments>
<msg timestamp="20200826 21:41:05.956" level="INFO">Typing text '12345678' into text field 'id:pass'.</msg>
<status status="PASS" starttime="20200826 21:41:05.956" endtime="20200826 21:41:06.006"></status>
</kw>
<status status="PASS" starttime="20200826 21:41:05.866" endtime="20200826 21:41:06.006"></status>
</kw>
<kw name="Click Button Login">
<arguments>
<arg>${btn_login}</arg>
</arguments>
<kw name="Element Should Be Visible" library="SeleniumLibrary">
<doc>Verifies that the element identified by ``locator`` is visible.</doc>
<arguments>
<arg>${btn}</arg>
</arguments>
<msg timestamp="20200826 21:41:06.019" level="INFO">Element '//*[@id="u_0_b"]' is displayed.</msg>
<status status="PASS" starttime="20200826 21:41:06.006" endtime="20200826 21:41:06.019"></status>
</kw>
<kw name="Click Element" library="SeleniumLibrary">
<doc>Click the element identified by ``locator``.</doc>
<arguments>
<arg>${btn}</arg>
</arguments>
<msg timestamp="20200826 21:41:06.020" level="INFO">Clicking element '//*[@id="u_0_b"]'.</msg>
<status status="PASS" starttime="20200826 21:41:06.020" endtime="20200826 21:41:06.059"></status>
</kw>
<status status="PASS" starttime="20200826 21:41:06.006" endtime="20200826 21:41:06.059"></status>
</kw>
<kw name="Verify Login Fail">
<kw name="Wait Until Page Contains" library="SeleniumLibrary">
<doc>Waits until ``text`` appears on the current page.</doc>
<arguments>
<arg>รหัสผ่านที่คุณป้อนไม่ถูกต้อง</arg>
<arg>10s</arg>
</arguments>
<kw name="Capture Page Screenshot" library="SeleniumLibrary">
<doc>Takes a screenshot of the current page and embeds it into a log file.</doc>
<msg timestamp="20200826 21:41:19.696" level="INFO" html="yes">&lt;/td&gt;&lt;/tr&gt;&lt;tr&gt;&lt;td colspan="3"&gt;&lt;a href="selenium-screenshot-5.png"&gt;&lt;img src="selenium-screenshot-5.png" width="800px"&gt;&lt;/a&gt;</msg>
<status status="PASS" starttime="20200826 21:41:19.454" endtime="20200826 21:41:19.696"></status>
</kw>
<msg timestamp="20200826 21:41:19.697" level="FAIL">Text 'รหัสผ่านที่คุณป้อนไม่ถูกต้อง' did not appear in 10 seconds.</msg>
<status status="FAIL" starttime="20200826 21:41:06.068" endtime="20200826 21:41:19.697"></status>
</kw>
<status status="FAIL" starttime="20200826 21:41:06.067" endtime="20200826 21:41:19.697"></status>
</kw>
<tags>
<tag>fail</tag>
</tags>
<status status="FAIL" starttime="20200826 21:41:02.577" endtime="20200826 21:41:19.698" critical="yes">Text 'รหัสผ่านที่คุณป้อนไม่ถูกต้อง' did not appear in 10 seconds.</status>
</test>
<kw name="Close All Browsers" library="SeleniumLibrary" type="teardown">
<doc>Closes all open browsers and resets the browser cache.</doc>
<status status="PASS" starttime="20200826 21:41:19.699" endtime="20200826 21:41:21.757"></status>
</kw>
<status status="FAIL" starttime="20200826 21:40:59.418" endtime="20200826 21:41:21.757"></status>
</suite>
<statistics>
<total>
<stat pass="0" fail="1">Critical Tests</stat>
<stat pass="0" fail="1">All Tests</stat>
</total>
<tag>
<stat pass="0" fail="1">fail</stat>
</tag>
<suite>
<stat pass="0" fail="1" id="s1" name="Demo Facebook">Demo Facebook</stat>
</suite>
</statistics>
<errors>
</errors>
</robot>
